2021-08-08 18:52:38,838 [Server thread] ERROR GottschCore | LootTableMaster2.java:252 | is file system (config) loot table current -> true
2021-08-08 18:52:38,840 [Server thread] ERROR GottschCore | LootTableMaster2.java:252 | is file system (config) loot table current -> true
2021-08-08 18:52:38,841 [Server thread] ERROR GottschCore | LootTableMaster2.java:252 | is file system (config) loot table current -> true
2021-08-08 18:52:38,844 [Server thread] ERROR GottschCore | LootTableMaster2.java:252 | is file system (config) loot table current -> true
2021-08-08 18:52:38,844 [Server thread] ERROR GottschCore | LootTableMaster2.java:252 | is file system (config) loot table current -> true
2021-08-08 18:52:38,845 [Server thread] ERROR GottschCore | LootTableMaster2.java:252 | is file system (config) loot table current -> true
2021-08-08 18:52:38,847 [Server thread] ERROR GottschCore | LootTableMaster2.java:252 | is file system (config) loot table current -> true
2021-08-08 18:52:38,848 [Server thread] ERROR GottschCore | LootTableMaster2.java:252 | is file system (config) loot table current -> true
2021-08-08 18:52:38,849 [Server thread] ERROR GottschCore | LootTableMaster2.java:252 | is file system (config) loot table current -> true
2021-08-08 18:52:38,851 [Server thread] ERROR GottschCore | LootTableMaster2.java:252 | is file system (config) loot table current -> true
2021-08-08 18:52:38,851 [Server thread] ERROR GottschCore | LootTableMaster2.java:252 | is file system (config) loot table current -> true
2021-08-08 18:52:38,852 [Server thread] ERROR GottschCore | LootTableMaster2.java:252 | is file system (config) loot table current -> true
2021-08-08 18:52:38,854 [Server thread] ERROR GottschCore | LootTableMaster2.java:252 | is file system (config) loot table current -> true
2021-08-08 18:52:38,856 [Server thread] ERROR GottschCore | LootTableMaster2.java:252 | is file system (config) loot table current -> true
2021-08-08 18:52:38,857 [Server thread] ERROR GottschCore | LootTableMaster2.java:252 | is file system (config) loot table current -> true
2021-08-08 18:52:38,857 [Server thread] ERROR GottschCore | LootTableMaster2.java:252 | is file system (config) loot table current -> true
2021-08-08 18:52:38,858 [Server thread] ERROR GottschCore | LootTableMaster2.java:252 | is file system (config) loot table current -> true
2021-08-08 18:52:38,858 [Server thread] ERROR GottschCore | LootTableMaster2.java:252 | is file system (config) loot table current -> true
2021-08-08 18:52:38,859 [Server thread] ERROR GottschCore | LootTableMaster2.java:252 | is file system (config) loot table current -> true
2021-08-08 18:52:38,859 [Server thread] ERROR GottschCore | LootTableMaster2.java:252 | is file system (config) loot table current -> true
2021-08-08 18:52:38,862 [Server thread] ERROR GottschCore | LootTableMaster2.java:252 | is file system (config) loot table current -> true
2021-08-08 18:52:38,862 [Server thread] ERROR GottschCore | LootTableMaster2.java:252 | is file system (config) loot table current -> true
2021-08-08 18:52:38,863 [Server thread] ERROR GottschCore | LootTableMaster2.java:252 | is file system (config) loot table current -> true
2021-08-08 18:52:38,863 [Server thread] ERROR GottschCore | LootTableMaster2.java:252 | is file system (config) loot table current -> true
2021-08-08 18:52:38,864 [Server thread] ERROR GottschCore | LootTableMaster2.java:252 | is file system (config) loot table current -> true
2021-08-08 18:52:38,864 [Server thread] ERROR GottschCore | LootTableMaster2.java:252 | is file system (config) loot table current -> true
2021-08-08 18:52:38,865 [Server thread] ERROR GottschCore | LootTableMaster2.java:252 | is file system (config) loot table current -> true
2021-08-08 18:52:38,865 [Server thread] ERROR GottschCore | LootTableMaster2.java:252 | is file system (config) loot table current -> true
2021-08-08 18:52:38,866 [Server thread] ERROR GottschCore | LootTableMaster2.java:252 | is file system (config) loot table current -> true
2021-08-08 18:52:38,868 [Server thread] ERROR GottschCore | LootTableMaster2.java:252 | is file system (config) loot table current -> true
2021-08-08 18:52:38,868 [Server thread] ERROR GottschCore | LootTableMaster2.java:252 | is file system (config) loot table current -> true
2021-08-08 18:52:38,869 [Server thread] ERROR GottschCore | LootTableMaster2.java:252 | is file system (config) loot table current -> true
2021-08-08 18:52:38,869 [Server thread] ERROR GottschCore | LootTableMaster2.java:252 | is file system (config) loot table current -> true
2021-08-08 18:52:38,870 [Server thread] ERROR GottschCore | LootTableMaster2.java:252 | is file system (config) loot table current -> true
2021-08-08 18:52:38,872 [Server thread] ERROR GottschCore | LootTableMaster2.java:252 | is file system (config) loot table current -> true
2021-08-08 18:52:38,872 [Server thread] ERROR GottschCore | LootTableMaster2.java:252 | is file system (config) loot table current -> true
2021-08-08 18:52:38,873 [Server thread] ERROR GottschCore | LootTableMaster2.java:252 | is file system (config) loot table current -> true
2021-08-08 18:52:38,873 [Server thread] ERROR GottschCore | LootTableMaster2.java:252 | is file system (config) loot table current -> true
2021-08-08 18:52:38,874 [Server thread] ERROR GottschCore | LootTableMaster2.java:252 | is file system (config) loot table current -> true
2021-08-08 18:52:38,876 [Server thread] ERROR GottschCore | LootTableMaster2.java:252 | is file system (config) loot table current -> true
2021-08-08 18:52:38,876 [Server thread] ERROR GottschCore | LootTableMaster2.java:252 | is file system (config) loot table current -> true
2021-08-08 18:52:38,877 [Server thread] ERROR GottschCore | LootTableMaster2.java:252 | is file system (config) loot table current -> true
2021-08-08 18:52:38,877 [Server thread] ERROR GottschCore | LootTableMaster2.java:252 | is file system (config) loot table current -> true
2021-08-08 18:52:38,878 [Server thread] ERROR GottschCore | LootTableMaster2.java:252 | is file system (config) loot table current -> true
2021-08-08 18:52:38,880 [Server thread] ERROR GottschCore | LootTableMaster2.java:252 | is file system (config) loot table current -> true
2021-08-08 18:52:38,880 [Server thread] ERROR GottschCore | LootTableMaster2.java:252 | is file system (config) loot table current -> true
2021-08-08 18:52:38,881 [Server thread] ERROR GottschCore | LootTableMaster2.java:252 | is file system (config) loot table current -> true
2021-08-08 18:52:38,881 [Server thread] ERROR GottschCore | LootTableMaster2.java:252 | is file system (config) loot table current -> true
2021-08-08 18:52:38,882 [Server thread] ERROR GottschCore | LootTableMaster2.java:252 | is file system (config) loot table current -> true
2021-08-08 18:52:38,884 [Server thread] ERROR GottschCore | LootTableMaster2.java:252 | is file system (config) loot table current -> true
2021-08-08 18:52:38,884 [Server thread] ERROR GottschCore | LootTableMaster2.java:252 | is file system (config) loot table current -> true
2021-08-08 18:52:38,885 [Server thread] ERROR GottschCore | LootTableMaster2.java:252 | is file system (config) loot table current -> true
2021-08-08 18:52:38,885 [Server thread] ERROR GottschCore | LootTableMaster2.java:252 | is file system (config) loot table current -> true
2021-08-08 18:52:38,885 [Server thread] ERROR GottschCore | LootTableMaster2.java:252 | is file system (config) loot table current -> true
2021-08-08 18:52:38,888 [Server thread] ERROR GottschCore | LootTableMaster2.java:252 | is file system (config) loot table current -> true
2021-08-08 18:52:38,888 [Server thread] ERROR GottschCore | LootTableMaster2.java:432 | Unable to locate resource /loot_tables/treasure2/inject/uncommon/
2021-08-08 18:52:38,889 [Server thread] ERROR GottschCore | LootTableMaster2.java:432 | Unable to locate resource /loot_tables/treasure2/inject/scarce/
2021-08-08 18:52:38,889 [Server thread] ERROR GottschCore | LootTableMaster2.java:432 | Unable to locate resource /loot_tables/treasure2/inject/rare/
2021-08-08 18:52:38,890 [Server thread] ERROR GottschCore | LootTableMaster2.java:432 | Unable to locate resource /loot_tables/treasure2/inject/epic/
2021-08-08 18:52:38,919 [Server thread] ERROR GottschCore | AbstractResourceManager.java:173 | Unable to locate resource /structures/treasure2/float/
2021-08-08 18:54:07,692 [Server thread] INFO GottschCore | VersionChecker.java:110 | [gottschcore] Starting version check at https://raw.githubusercontent.com/gottsch/gottsch-minecraft-GottschCore/master/GottschCore1.12.2/update.json
2021-08-08 18:54:07,831 [Server thread] WARN GottschCore | VersionChecker.java:119 | Unexpected expection in data stream: 
java.io.FileNotFoundException: https://raw.githubusercontent.com/gottsch/gottsch-minecraft-GottschCore/master/GottschCore1.12.2/update.json
	at sun.net.www.protocol.http.HttpURLConnection.getInputStream0(Unknown Source) ~[?:1.8.0_181]
	at sun.net.www.protocol.http.HttpURLConnection.access$200(Unknown Source) ~[?:1.8.0_181]
	at sun.net.www.protocol.http.HttpURLConnection$9.run(Unknown Source) ~[?:1.8.0_181]
	at sun.net.www.protocol.http.HttpURLConnection$9.run(Unknown Source) ~[?:1.8.0_181]
	at java.security.AccessController.doPrivileged(Native Method) ~[?:1.8.0_181]
	at java.security.AccessController.doPrivilegedWithCombiner(Unknown Source) ~[?:1.8.0_181]
	at sun.net.www.protocol.http.HttpURLConnection.getInputStream(Unknown Source) ~[?:1.8.0_181]
	at sun.net.www.protocol.https.HttpsURLConnectionImpl.getInputStream(Unknown Source) ~[?:1.8.0_181]
	at java.net.URL.openStream(Unknown Source) ~[?:1.8.0_181]
	at com.someguyssoftware.gottschcore.version.VersionChecker.getVersionUsingForge(VersionChecker.java:114) [VersionChecker.class:mc1.12.2-f14.23.5.2854-v1.14.0]
	at com.someguyssoftware.gottschcore.mod.AbstractMod.postInit(AbstractMod.java:65) [AbstractMod.class:mc1.12.2-f14.23.5.2854-v1.14.0]
	at com.someguyssoftware.gottschcore.GottschCore.postInit(GottschCore.java:89) [GottschCore.class:mc1.12.2-f14.23.5.2854-v1.14.0]
	at sun.reflect.NativeMethodAccessorImpl.invoke0(Native Method) ~[?:1.8.0_181]
	at sun.reflect.NativeMethodAccessorImpl.invoke(Unknown Source) ~[?:1.8.0_181]
	at sun.reflect.DelegatingMethodAccessorImpl.invoke(Unknown Source) ~[?:1.8.0_181]
	at java.lang.reflect.Method.invoke(Unknown Source) ~[?:1.8.0_181]
	at net.minecraftforge.fml.common.FMLModContainer.handleModStateEvent(FMLModContainer.java:637) [FMLModContainer.class:?]
	at sun.reflect.GeneratedMethodAccessor11.invoke(Unknown Source) ~[?:?]
	at sun.reflect.DelegatingMethodAccessorImpl.invoke(Unknown Source) ~[?:1.8.0_181]
	at java.lang.reflect.Method.invoke(Unknown Source) ~[?:1.8.0_181]
	at com.google.common.eventbus.Subscriber.invokeSubscriberMethod(Subscriber.java:91) [minecraft_server.1.12.2.jar:?]
	at com.google.common.eventbus.Subscriber$SynchronizedSubscriber.invokeSubscriberMethod(Subscriber.java:150) [minecraft_server.1.12.2.jar:?]
	at com.google.common.eventbus.Subscriber$1.run(Subscriber.java:76) [minecraft_server.1.12.2.jar:?]
	at com.google.common.util.concurrent.MoreExecutors$DirectExecutor.execute(MoreExecutors.java:399) [minecraft_server.1.12.2.jar:?]
	at com.google.common.eventbus.Subscriber.dispatchEvent(Subscriber.java:71) [minecraft_server.1.12.2.jar:?]
	at com.google.common.eventbus.Dispatcher$PerThreadQueuedDispatcher.dispatch(Dispatcher.java:116) [minecraft_server.1.12.2.jar:?]
	at com.google.common.eventbus.EventBus.post(EventBus.java:217) [minecraft_server.1.12.2.jar:?]
	at net.minecraftforge.fml.common.LoadController.sendEventToModContainer(LoadController.java:219) [LoadController.class:?]
	at net.minecraftforge.fml.common.LoadController.propogateStateMessage(LoadController.java:197) [LoadController.class:?]
	at sun.reflect.NativeMethodAccessorImpl.invoke0(Native Method) ~[?:1.8.0_181]
	at sun.reflect.NativeMethodAccessorImpl.invoke(Unknown Source) ~[?:1.8.0_181]
	at sun.reflect.DelegatingMethodAccessorImpl.invoke(Unknown Source) ~[?:1.8.0_181]
	at java.lang.reflect.Method.invoke(Unknown Source) ~[?:1.8.0_181]
	at com.google.common.eventbus.Subscriber.invokeSubscriberMethod(Subscriber.java:91) [minecraft_server.1.12.2.jar:?]
	at com.google.common.eventbus.Subscriber$SynchronizedSubscriber.invokeSubscriberMethod(Subscriber.java:150) [minecraft_server.1.12.2.jar:?]
	at com.google.common.eventbus.Subscriber$1.run(Subscriber.java:76) [minecraft_server.1.12.2.jar:?]
	at com.google.common.util.concurrent.MoreExecutors$DirectExecutor.execute(MoreExecutors.java:399) [minecraft_server.1.12.2.jar:?]
	at com.google.common.eventbus.Subscriber.dispatchEvent(Subscriber.java:71) [minecraft_server.1.12.2.jar:?]
	at com.google.common.eventbus.Dispatcher$PerThreadQueuedDispatcher.dispatch(Dispatcher.java:116) [minecraft_server.1.12.2.jar:?]
	at com.google.common.eventbus.EventBus.post(EventBus.java:217) [minecraft_server.1.12.2.jar:?]
	at net.minecraftforge.fml.common.LoadController.distributeStateMessage(LoadController.java:136) [LoadController.class:?]
	at net.minecraftforge.fml.common.Loader.initializeMods(Loader.java:754) [Loader.class:?]
	at net.minecraftforge.fml.server.FMLServerHandler.finishServerLoading(FMLServerHandler.java:108) [FMLServerHandler.class:?]
	at net.minecraftforge.fml.common.FMLCommonHandler.onServerStarted(FMLCommonHandler.java:338) [FMLCommonHandler.class:?]
	at net.minecraft.server.dedicated.DedicatedServer.func_71197_b(DedicatedServer.java:219) [nz.class:?]
	at net.minecraft.server.MinecraftServer.run(MinecraftServer.java:486) [MinecraftServer.class:?]
	at java.lang.Thread.run(Unknown Source) [?:1.8.0_181]
2021-08-08 18:54:07,832 [Server thread] WARN GottschCore | VersionChecker.java:55 | Bad URL: null
2021-08-08 18:54:12,228 [Server thread] INFO GottschCore | VersionChecker.java:110 | [treasure2] Starting version check at https://raw.githubusercontent.com/gottsch/gottsch-minecraft-Treasure/master/update.json
2021-08-08 18:54:22,090 [Server thread] ERROR GottschCore | LootTableMaster2.java:252 | is file system (config) loot table current -> true
2021-08-08 18:54:22,090 [Server thread] ERROR GottschCore | LootTableMaster2.java:252 | is file system (config) loot table current -> true
2021-08-08 18:54:22,091 [Server thread] ERROR GottschCore | LootTableMaster2.java:252 | is file system (config) loot table current -> true
2021-08-08 18:54:22,093 [Server thread] ERROR GottschCore | LootTableMaster2.java:252 | is file system (config) loot table current -> true
2021-08-08 18:54:22,094 [Server thread] ERROR GottschCore | LootTableMaster2.java:252 | is file system (config) loot table current -> true
2021-08-08 18:54:22,094 [Server thread] ERROR GottschCore | LootTableMaster2.java:252 | is file system (config) loot table current -> true
2021-08-08 18:54:22,097 [Server thread] ERROR GottschCore | LootTableMaster2.java:252 | is file system (config) loot table current -> true
2021-08-08 18:54:22,097 [Server thread] ERROR GottschCore | LootTableMaster2.java:252 | is file system (config) loot table current -> true
2021-08-08 18:54:22,098 [Server thread] ERROR GottschCore | LootTableMaster2.java:252 | is file system (config) loot table current -> true
2021-08-08 18:54:22,101 [Server thread] ERROR GottschCore | LootTableMaster2.java:252 | is file system (config) loot table current -> true
2021-08-08 18:54:22,102 [Server thread] ERROR GottschCore | LootTableMaster2.java:252 | is file system (config) loot table current -> true
2021-08-08 18:54:22,102 [Server thread] ERROR GottschCore | LootTableMaster2.java:252 | is file system (config) loot table current -> true
2021-08-08 18:54:22,106 [Server thread] ERROR GottschCore | LootTableMaster2.java:252 | is file system (config) loot table current -> true
2021-08-08 18:54:22,109 [Server thread] ERROR GottschCore | LootTableMaster2.java:252 | is file system (config) loot table current -> true
2021-08-08 18:54:22,110 [Server thread] ERROR GottschCore | LootTableMaster2.java:252 | is file system (config) loot table current -> true
2021-08-08 18:54:22,110 [Server thread] ERROR GottschCore | LootTableMaster2.java:252 | is file system (config) loot table current -> true
2021-08-08 18:54:22,111 [Server thread] ERROR GottschCore | LootTableMaster2.java:252 | is file system (config) loot table current -> true
2021-08-08 18:54:22,112 [Server thread] ERROR GottschCore | LootTableMaster2.java:252 | is file system (config) loot table current -> true
2021-08-08 18:54:22,113 [Server thread] ERROR GottschCore | LootTableMaster2.java:252 | is file system (config) loot table current -> true
2021-08-08 18:54:22,113 [Server thread] ERROR GottschCore | LootTableMaster2.java:252 | is file system (config) loot table current -> true
2021-08-08 18:54:22,116 [Server thread] ERROR GottschCore | LootTableMaster2.java:252 | is file system (config) loot table current -> true
2021-08-08 18:54:22,117 [Server thread] ERROR GottschCore | LootTableMaster2.java:252 | is file system (config) loot table current -> true
2021-08-08 18:54:22,118 [Server thread] ERROR GottschCore | LootTableMaster2.java:252 | is file system (config) loot table current -> true
2021-08-08 18:54:22,118 [Server thread] ERROR GottschCore | LootTableMaster2.java:252 | is file system (config) loot table current -> true
2021-08-08 18:54:22,119 [Server thread] ERROR GottschCore | LootTableMaster2.java:252 | is file system (config) loot table current -> true
2021-08-08 18:54:22,120 [Server thread] ERROR GottschCore | LootTableMaster2.java:252 | is file system (config) loot table current -> true
2021-08-08 18:54:22,120 [Server thread] ERROR GottschCore | LootTableMaster2.java:252 | is file system (config) loot table current -> true
2021-08-08 18:54:22,121 [Server thread] ERROR GottschCore | LootTableMaster2.java:252 | is file system (config) loot table current -> true
2021-08-08 18:54:22,121 [Server thread] ERROR GottschCore | LootTableMaster2.java:252 | is file system (config) loot table current -> true
2021-08-08 18:54:22,124 [Server thread] ERROR GottschCore | LootTableMaster2.java:252 | is file system (config) loot table current -> true
2021-08-08 18:54:22,124 [Server thread] ERROR GottschCore | LootTableMaster2.java:252 | is file system (config) loot table current -> true
2021-08-08 18:54:22,125 [Server thread] ERROR GottschCore | LootTableMaster2.java:252 | is file system (config) loot table current -> true
2021-08-08 18:54:22,125 [Server thread] ERROR GottschCore | LootTableMaster2.java:252 | is file system (config) loot table current -> true
2021-08-08 18:54:22,126 [Server thread] ERROR GottschCore | LootTableMaster2.java:252 | is file system (config) loot table current -> true
2021-08-08 18:54:22,128 [Server thread] ERROR GottschCore | LootTableMaster2.java:252 | is file system (config) loot table current -> true
2021-08-08 18:54:22,129 [Server thread] ERROR GottschCore | LootTableMaster2.java:252 | is file system (config) loot table current -> true
2021-08-08 18:54:22,130 [Server thread] ERROR GottschCore | LootTableMaster2.java:252 | is file system (config) loot table current -> true
2021-08-08 18:54:22,130 [Server thread] ERROR GottschCore | LootTableMaster2.java:252 | is file system (config) loot table current -> true
2021-08-08 18:54:22,131 [Server thread] ERROR GottschCore | LootTableMaster2.java:252 | is file system (config) loot table current -> true
2021-08-08 18:54:22,134 [Server thread] ERROR GottschCore | LootTableMaster2.java:252 | is file system (config) loot table current -> true
2021-08-08 18:54:22,135 [Server thread] ERROR GottschCore | LootTableMaster2.java:252 | is file system (config) loot table current -> true
2021-08-08 18:54:22,135 [Server thread] ERROR GottschCore | LootTableMaster2.java:252 | is file system (config) loot table current -> true
2021-08-08 18:54:22,136 [Server thread] ERROR GottschCore | LootTableMaster2.java:252 | is file system (config) loot table current -> true
2021-08-08 18:54:22,136 [Server thread] ERROR GottschCore | LootTableMaster2.java:252 | is file system (config) loot table current -> true
2021-08-08 18:54:22,139 [Server thread] ERROR GottschCore | LootTableMaster2.java:252 | is file system (config) loot table current -> true
2021-08-08 18:54:22,140 [Server thread] ERROR GottschCore | LootTableMaster2.java:252 | is file system (config) loot table current -> true
2021-08-08 18:54:22,140 [Server thread] ERROR GottschCore | LootTableMaster2.java:252 | is file system (config) loot table current -> true
2021-08-08 18:54:22,140 [Server thread] ERROR GottschCore | LootTableMaster2.java:252 | is file system (config) loot table current -> true
2021-08-08 18:54:22,141 [Server thread] ERROR GottschCore | LootTableMaster2.java:252 | is file system (config) loot table current -> true
2021-08-08 18:54:22,143 [Server thread] ERROR GottschCore | LootTableMaster2.java:252 | is file system (config) loot table current -> true
2021-08-08 18:54:22,143 [Server thread] ERROR GottschCore | LootTableMaster2.java:252 | is file system (config) loot table current -> true
2021-08-08 18:54:22,144 [Server thread] ERROR GottschCore | LootTableMaster2.java:252 | is file system (config) loot table current -> true
2021-08-08 18:54:22,144 [Server thread] ERROR GottschCore | LootTableMaster2.java:252 | is file system (config) loot table current -> true
2021-08-08 18:54:22,145 [Server thread] ERROR GottschCore | LootTableMaster2.java:252 | is file system (config) loot table current -> true
2021-08-08 18:54:22,147 [Server thread] ERROR GottschCore | LootTableMaster2.java:252 | is file system (config) loot table current -> true
2021-08-08 18:54:22,147 [Server thread] ERROR GottschCore | LootTableMaster2.java:432 | Unable to locate resource /loot_tables/treasure2/inject/uncommon/
2021-08-08 18:54:22,148 [Server thread] ERROR GottschCore | LootTableMaster2.java:432 | Unable to locate resource /loot_tables/treasure2/inject/scarce/
2021-08-08 18:54:22,148 [Server thread] ERROR GottschCore | LootTableMaster2.java:432 | Unable to locate resource /loot_tables/treasure2/inject/rare/
2021-08-08 18:54:22,148 [Server thread] ERROR GottschCore | LootTableMaster2.java:432 | Unable to locate resource /loot_tables/treasure2/inject/epic/
2021-08-08 19:19:49,574 [Server thread] ERROR GottschCore | LootTableMaster2.java:252 | is file system (config) loot table current -> true
2021-08-08 19:19:49,576 [Server thread] ERROR GottschCore | LootTableMaster2.java:252 | is file system (config) loot table current -> true
2021-08-08 19:19:49,577 [Server thread] ERROR GottschCore | LootTableMaster2.java:252 | is file system (config) loot table current -> true
2021-08-08 19:19:49,579 [Server thread] ERROR GottschCore | LootTableMaster2.java:252 | is file system (config) loot table current -> true
2021-08-08 19:19:49,579 [Server thread] ERROR GottschCore | LootTableMaster2.java:252 | is file system (config) loot table current -> true
2021-08-08 19:19:49,580 [Server thread] ERROR GottschCore | LootTableMaster2.java:252 | is file system (config) loot table current -> true
2021-08-08 19:19:49,582 [Server thread] ERROR GottschCore | LootTableMaster2.java:252 | is file system (config) loot table current -> true
2021-08-08 19:19:49,583 [Server thread] ERROR GottschCore | LootTableMaster2.java:252 | is file system (config) loot table current -> true
2021-08-08 19:19:49,584 [Server thread] ERROR GottschCore | LootTableMaster2.java:252 | is file system (config) loot table current -> true
2021-08-08 19:19:49,586 [Server thread] ERROR GottschCore | LootTableMaster2.java:252 | is file system (config) loot table current -> true
2021-08-08 19:19:49,586 [Server thread] ERROR GottschCore | LootTableMaster2.java:252 | is file system (config) loot table current -> true
2021-08-08 19:19:49,587 [Server thread] ERROR GottschCore | LootTableMaster2.java:252 | is file system (config) loot table current -> true
2021-08-08 19:19:49,589 [Server thread] ERROR GottschCore | LootTableMaster2.java:252 | is file system (config) loot table current -> true
2021-08-08 19:19:49,591 [Server thread] ERROR GottschCore | LootTableMaster2.java:252 | is file system (config) loot table current -> true
2021-08-08 19:19:49,592 [Server thread] ERROR GottschCore | LootTableMaster2.java:252 | is file system (config) loot table current -> true
2021-08-08 19:19:49,593 [Server thread] ERROR GottschCore | LootTableMaster2.java:252 | is file system (config) loot table current -> true
2021-08-08 19:19:49,593 [Server thread] ERROR GottschCore | LootTableMaster2.java:252 | is file system (config) loot table current -> true
2021-08-08 19:19:49,594 [Server thread] ERROR GottschCore | LootTableMaster2.java:252 | is file system (config) loot table current -> true
2021-08-08 19:19:49,594 [Server thread] ERROR GottschCore | LootTableMaster2.java:252 | is file system (config) loot table current -> true
2021-08-08 19:19:49,595 [Server thread] ERROR GottschCore | LootTableMaster2.java:252 | is file system (config) loot table current -> true
2021-08-08 19:19:49,597 [Server thread] ERROR GottschCore | LootTableMaster2.java:252 | is file system (config) loot table current -> true
2021-08-08 19:19:49,598 [Server thread] ERROR GottschCore | LootTableMaster2.java:252 | is file system (config) loot table current -> true
2021-08-08 19:19:49,598 [Server thread] ERROR GottschCore | LootTableMaster2.java:252 | is file system (config) loot table current -> true
2021-08-08 19:19:49,599 [Server thread] ERROR GottschCore | LootTableMaster2.java:252 | is file system (config) loot table current -> true
2021-08-08 19:19:49,599 [Server thread] ERROR GottschCore | LootTableMaster2.java:252 | is file system (config) loot table current -> true
2021-08-08 19:19:49,600 [Server thread] ERROR GottschCore | LootTableMaster2.java:252 | is file system (config) loot table current -> true
2021-08-08 19:19:49,600 [Server thread] ERROR GottschCore | LootTableMaster2.java:252 | is file system (config) loot table current -> true
2021-08-08 19:19:49,601 [Server thread] ERROR GottschCore | LootTableMaster2.java:252 | is file system (config) loot table current -> true
2021-08-08 19:19:49,601 [Server thread] ERROR GottschCore | LootTableMaster2.java:252 | is file system (config) loot table current -> true
2021-08-08 19:19:49,603 [Server thread] ERROR GottschCore | LootTableMaster2.java:252 | is file system (config) loot table current -> true
2021-08-08 19:19:49,604 [Server thread] ERROR GottschCore | LootTableMaster2.java:252 | is file system (config) loot table current -> true
2021-08-08 19:19:49,604 [Server thread] ERROR GottschCore | LootTableMaster2.java:252 | is file system (config) loot table current -> true
2021-08-08 19:19:49,605 [Server thread] ERROR GottschCore | LootTableMaster2.java:252 | is file system (config) loot table current -> true
2021-08-08 19:19:49,605 [Server thread] ERROR GottschCore | LootTableMaster2.java:252 | is file system (config) loot table current -> true
2021-08-08 19:19:49,607 [Server thread] ERROR GottschCore | LootTableMaster2.java:252 | is file system (config) loot table current -> true
2021-08-08 19:19:49,608 [Server thread] ERROR GottschCore | LootTableMaster2.java:252 | is file system (config) loot table current -> true
2021-08-08 19:19:49,608 [Server thread] ERROR GottschCore | LootTableMaster2.java:252 | is file system (config) loot table current -> true
2021-08-08 19:19:49,609 [Server thread] ERROR GottschCore | LootTableMaster2.java:252 | is file system (config) loot table current -> true
2021-08-08 19:19:49,609 [Server thread] ERROR GottschCore | LootTableMaster2.java:252 | is file system (config) loot table current -> true
2021-08-08 19:19:49,611 [Server thread] ERROR GottschCore | LootTableMaster2.java:252 | is file system (config) loot table current -> true
2021-08-08 19:19:49,612 [Server thread] ERROR GottschCore | LootTableMaster2.java:252 | is file system (config) loot table current -> true
2021-08-08 19:19:49,612 [Server thread] ERROR GottschCore | LootTableMaster2.java:252 | is file system (config) loot table current -> true
2021-08-08 19:19:49,613 [Server thread] ERROR GottschCore | LootTableMaster2.java:252 | is file system (config) loot table current -> true
2021-08-08 19:19:49,613 [Server thread] ERROR GottschCore | LootTableMaster2.java:252 | is file system (config) loot table current -> true
2021-08-08 19:19:49,616 [Server thread] ERROR GottschCore | LootTableMaster2.java:252 | is file system (config) loot table current -> true
2021-08-08 19:19:49,616 [Server thread] ERROR GottschCore | LootTableMaster2.java:252 | is file system (config) loot table current -> true
2021-08-08 19:19:49,617 [Server thread] ERROR GottschCore | LootTableMaster2.java:252 | is file system (config) loot table current -> true
2021-08-08 19:19:49,617 [Server thread] ERROR GottschCore | LootTableMaster2.java:252 | is file system (config) loot table current -> true
2021-08-08 19:19:49,618 [Server thread] ERROR GottschCore | LootTableMaster2.java:252 | is file system (config) loot table current -> true
2021-08-08 19:19:49,620 [Server thread] ERROR GottschCore | LootTableMaster2.java:252 | is file system (config) loot table current -> true
2021-08-08 19:19:49,620 [Server thread] ERROR GottschCore | LootTableMaster2.java:252 | is file system (config) loot table current -> true
2021-08-08 19:19:49,621 [Server thread] ERROR GottschCore | LootTableMaster2.java:252 | is file system (config) loot table current -> true
2021-08-08 19:19:49,621 [Server thread] ERROR GottschCore | LootTableMaster2.java:252 | is file system (config) loot table current -> true
2021-08-08 19:19:49,622 [Server thread] ERROR GottschCore | LootTableMaster2.java:252 | is file system (config) loot table current -> true
2021-08-08 19:19:49,624 [Server thread] ERROR GottschCore | LootTableMaster2.java:252 | is file system (config) loot table current -> true
2021-08-08 19:19:49,624 [Server thread] ERROR GottschCore | LootTableMaster2.java:432 | Unable to locate resource /loot_tables/treasure2/inject/uncommon/
2021-08-08 19:19:49,625 [Server thread] ERROR GottschCore | LootTableMaster2.java:432 | Unable to locate resource /loot_tables/treasure2/inject/scarce/
2021-08-08 19:19:49,625 [Server thread] ERROR GottschCore | LootTableMaster2.java:432 | Unable to locate resource /loot_tables/treasure2/inject/rare/
2021-08-08 19:19:49,626 [Server thread] ERROR GottschCore | LootTableMaster2.java:432 | Unable to locate resource /loot_tables/treasure2/inject/epic/
2021-08-08 19:19:49,654 [Server thread] ERROR GottschCore | AbstractResourceManager.java:173 | Unable to locate resource /structures/treasure2/float/
2021-08-08 19:21:14,587 [Server thread] INFO GottschCore | VersionChecker.java:110 | [gottschcore] Starting version check at https://raw.githubusercontent.com/gottsch/gottsch-minecraft-GottschCore/master/GottschCore1.12.2/update.json
2021-08-08 19:21:14,617 [Server thread] WARN GottschCore | VersionChecker.java:119 | Unexpected expection in data stream: 
java.io.FileNotFoundException: https://raw.githubusercontent.com/gottsch/gottsch-minecraft-GottschCore/master/GottschCore1.12.2/update.json
	at sun.net.www.protocol.http.HttpURLConnection.getInputStream0(Unknown Source) ~[?:1.8.0_181]
	at sun.net.www.protocol.http.HttpURLConnection.access$200(Unknown Source) ~[?:1.8.0_181]
	at sun.net.www.protocol.http.HttpURLConnection$9.run(Unknown Source) ~[?:1.8.0_181]
	at sun.net.www.protocol.http.HttpURLConnection$9.run(Unknown Source) ~[?:1.8.0_181]
	at java.security.AccessController.doPrivileged(Native Method) ~[?:1.8.0_181]
	at java.security.AccessController.doPrivilegedWithCombiner(Unknown Source) ~[?:1.8.0_181]
	at sun.net.www.protocol.http.HttpURLConnection.getInputStream(Unknown Source) ~[?:1.8.0_181]
	at sun.net.www.protocol.https.HttpsURLConnectionImpl.getInputStream(Unknown Source) ~[?:1.8.0_181]
	at java.net.URL.openStream(Unknown Source) ~[?:1.8.0_181]
	at com.someguyssoftware.gottschcore.version.VersionChecker.getVersionUsingForge(VersionChecker.java:114) [VersionChecker.class:mc1.12.2-f14.23.5.2854-v1.14.0]
	at com.someguyssoftware.gottschcore.mod.AbstractMod.postInit(AbstractMod.java:65) [AbstractMod.class:mc1.12.2-f14.23.5.2854-v1.14.0]
	at com.someguyssoftware.gottschcore.GottschCore.postInit(GottschCore.java:89) [GottschCore.class:mc1.12.2-f14.23.5.2854-v1.14.0]
	at sun.reflect.NativeMethodAccessorImpl.invoke0(Native Method) ~[?:1.8.0_181]
	at sun.reflect.NativeMethodAccessorImpl.invoke(Unknown Source) ~[?:1.8.0_181]
	at sun.reflect.DelegatingMethodAccessorImpl.invoke(Unknown Source) ~[?:1.8.0_181]
	at java.lang.reflect.Method.invoke(Unknown Source) ~[?:1.8.0_181]
	at net.minecraftforge.fml.common.FMLModContainer.handleModStateEvent(FMLModContainer.java:637) [FMLModContainer.class:?]
	at sun.reflect.GeneratedMethodAccessor11.invoke(Unknown Source) ~[?:?]
	at sun.reflect.DelegatingMethodAccessorImpl.invoke(Unknown Source) ~[?:1.8.0_181]
	at java.lang.reflect.Method.invoke(Unknown Source) ~[?:1.8.0_181]
	at com.google.common.eventbus.Subscriber.invokeSubscriberMethod(Subscriber.java:91) [minecraft_server.1.12.2.jar:?]
	at com.google.common.eventbus.Subscriber$SynchronizedSubscriber.invokeSubscriberMethod(Subscriber.java:150) [minecraft_server.1.12.2.jar:?]
	at com.google.common.eventbus.Subscriber$1.run(Subscriber.java:76) [minecraft_server.1.12.2.jar:?]
	at com.google.common.util.concurrent.MoreExecutors$DirectExecutor.execute(MoreExecutors.java:399) [minecraft_server.1.12.2.jar:?]
	at com.google.common.eventbus.Subscriber.dispatchEvent(Subscriber.java:71) [minecraft_server.1.12.2.jar:?]
	at com.google.common.eventbus.Dispatcher$PerThreadQueuedDispatcher.dispatch(Dispatcher.java:116) [minecraft_server.1.12.2.jar:?]
	at com.google.common.eventbus.EventBus.post(EventBus.java:217) [minecraft_server.1.12.2.jar:?]
	at net.minecraftforge.fml.common.LoadController.sendEventToModContainer(LoadController.java:219) [LoadController.class:?]
	at net.minecraftforge.fml.common.LoadController.propogateStateMessage(LoadController.java:197) [LoadController.class:?]
	at sun.reflect.NativeMethodAccessorImpl.invoke0(Native Method) ~[?:1.8.0_181]
	at sun.reflect.NativeMethodAccessorImpl.invoke(Unknown Source) ~[?:1.8.0_181]
	at sun.reflect.DelegatingMethodAccessorImpl.invoke(Unknown Source) ~[?:1.8.0_181]
	at java.lang.reflect.Method.invoke(Unknown Source) ~[?:1.8.0_181]
	at com.google.common.eventbus.Subscriber.invokeSubscriberMethod(Subscriber.java:91) [minecraft_server.1.12.2.jar:?]
	at com.google.common.eventbus.Subscriber$SynchronizedSubscriber.invokeSubscriberMethod(Subscriber.java:150) [minecraft_server.1.12.2.jar:?]
	at com.google.common.eventbus.Subscriber$1.run(Subscriber.java:76) [minecraft_server.1.12.2.jar:?]
	at com.google.common.util.concurrent.MoreExecutors$DirectExecutor.execute(MoreExecutors.java:399) [minecraft_server.1.12.2.jar:?]
	at com.google.common.eventbus.Subscriber.dispatchEvent(Subscriber.java:71) [minecraft_server.1.12.2.jar:?]
	at com.google.common.eventbus.Dispatcher$PerThreadQueuedDispatcher.dispatch(Dispatcher.java:116) [minecraft_server.1.12.2.jar:?]
	at com.google.common.eventbus.EventBus.post(EventBus.java:217) [minecraft_server.1.12.2.jar:?]
	at net.minecraftforge.fml.common.LoadController.distributeStateMessage(LoadController.java:136) [LoadController.class:?]
	at net.minecraftforge.fml.common.Loader.initializeMods(Loader.java:754) [Loader.class:?]
	at net.minecraftforge.fml.server.FMLServerHandler.finishServerLoading(FMLServerHandler.java:108) [FMLServerHandler.class:?]
	at net.minecraftforge.fml.common.FMLCommonHandler.onServerStarted(FMLCommonHandler.java:338) [FMLCommonHandler.class:?]
	at net.minecraft.server.dedicated.DedicatedServer.func_71197_b(DedicatedServer.java:219) [nz.class:?]
	at net.minecraft.server.MinecraftServer.run(MinecraftServer.java:486) [MinecraftServer.class:?]
	at java.lang.Thread.run(Unknown Source) [?:1.8.0_181]
2021-08-08 19:21:14,618 [Server thread] WARN GottschCore | VersionChecker.java:55 | Bad URL: null
2021-08-08 19:21:19,401 [Server thread] INFO GottschCore | VersionChecker.java:110 | [treasure2] Starting version check at https://raw.githubusercontent.com/gottsch/gottsch-minecraft-Treasure/master/update.json
2021-08-08 19:21:36,643 [Server thread] ERROR GottschCore | LootTableMaster2.java:252 | is file system (config) loot table current -> true
2021-08-08 19:21:36,644 [Server thread] ERROR GottschCore | LootTableMaster2.java:252 | is file system (config) loot table current -> true
2021-08-08 19:21:36,645 [Server thread] ERROR GottschCore | LootTableMaster2.java:252 | is file system (config) loot table current -> true
2021-08-08 19:21:36,647 [Server thread] ERROR GottschCore | LootTableMaster2.java:252 | is file system (config) loot table current -> true
2021-08-08 19:21:36,648 [Server thread] ERROR GottschCore | LootTableMaster2.java:252 | is file system (config) loot table current -> true
2021-08-08 19:21:36,648 [Server thread] ERROR GottschCore | LootTableMaster2.java:252 | is file system (config) loot table current -> true
2021-08-08 19:21:36,649 [Server thread] ERROR GottschCore | LootTableMaster2.java:252 | is file system (config) loot table current -> true
2021-08-08 19:21:36,650 [Server thread] ERROR GottschCore | LootTableMaster2.java:252 | is file system (config) loot table current -> true
2021-08-08 19:21:36,650 [Server thread] ERROR GottschCore | LootTableMaster2.java:252 | is file system (config) loot table current -> true
2021-08-08 19:21:36,653 [Server thread] ERROR GottschCore | LootTableMaster2.java:252 | is file system (config) loot table current -> true
2021-08-08 19:21:36,653 [Server thread] ERROR GottschCore | LootTableMaster2.java:252 | is file system (config) loot table current -> true
2021-08-08 19:21:36,654 [Server thread] ERROR GottschCore | LootTableMaster2.java:252 | is file system (config) loot table current -> true
2021-08-08 19:21:36,656 [Server thread] ERROR GottschCore | LootTableMaster2.java:252 | is file system (config) loot table current -> true
2021-08-08 19:21:36,658 [Server thread] ERROR GottschCore | LootTableMaster2.java:252 | is file system (config) loot table current -> true
2021-08-08 19:21:36,659 [Server thread] ERROR GottschCore | LootTableMaster2.java:252 | is file system (config) loot table current -> true
2021-08-08 19:21:36,659 [Server thread] ERROR GottschCore | LootTableMaster2.java:252 | is file system (config) loot table current -> true
2021-08-08 19:21:36,660 [Server thread] ERROR GottschCore | LootTableMaster2.java:252 | is file system (config) loot table current -> true
2021-08-08 19:21:36,660 [Server thread] ERROR GottschCore | LootTableMaster2.java:252 | is file system (config) loot table current -> true
2021-08-08 19:21:36,661 [Server thread] ERROR GottschCore | LootTableMaster2.java:252 | is file system (config) loot table current -> true
2021-08-08 19:21:36,661 [Server thread] ERROR GottschCore | LootTableMaster2.java:252 | is file system (config) loot table current -> true
2021-08-08 19:21:36,664 [Server thread] ERROR GottschCore | LootTableMaster2.java:252 | is file system (config) loot table current -> true
2021-08-08 19:21:36,664 [Server thread] ERROR GottschCore | LootTableMaster2.java:252 | is file system (config) loot table current -> true
2021-08-08 19:21:36,665 [Server thread] ERROR GottschCore | LootTableMaster2.java:252 | is file system (config) loot table current -> true
2021-08-08 19:21:36,666 [Server thread] ERROR GottschCore | LootTableMaster2.java:252 | is file system (config) loot table current -> true
2021-08-08 19:21:36,667 [Server thread] ERROR GottschCore | LootTableMaster2.java:252 | is file system (config) loot table current -> true
2021-08-08 19:21:36,667 [Server thread] ERROR GottschCore | LootTableMaster2.java:252 | is file system (config) loot table current -> true
2021-08-08 19:21:36,668 [Server thread] ERROR GottschCore | LootTableMaster2.java:252 | is file system (config) loot table current -> true
2021-08-08 19:21:36,669 [Server thread] ERROR GottschCore | LootTableMaster2.java:252 | is file system (config) loot table current -> true
2021-08-08 19:21:36,670 [Server thread] ERROR GottschCore | LootTableMaster2.java:252 | is file system (config) loot table current -> true
2021-08-08 19:21:36,674 [Server thread] ERROR GottschCore | LootTableMaster2.java:252 | is file system (config) loot table current -> true
2021-08-08 19:21:36,675 [Server thread] ERROR GottschCore | LootTableMaster2.java:252 | is file system (config) loot table current -> true
2021-08-08 19:21:36,676 [Server thread] ERROR GottschCore | LootTableMaster2.java:252 | is file system (config) loot table current -> true
2021-08-08 19:21:36,677 [Server thread] ERROR GottschCore | LootTableMaster2.java:252 | is file system (config) loot table current -> true
2021-08-08 19:21:36,678 [Server thread] ERROR GottschCore | LootTableMaster2.java:252 | is file system (config) loot table current -> true
2021-08-08 19:21:36,682 [Server thread] ERROR GottschCore | LootTableMaster2.java:252 | is file system (config) loot table current -> true
2021-08-08 19:21:36,682 [Server thread] ERROR GottschCore | LootTableMaster2.java:252 | is file system (config) loot table current -> true
2021-08-08 19:21:36,683 [Server thread] ERROR GottschCore | LootTableMaster2.java:252 | is file system (config) loot table current -> true
2021-08-08 19:21:36,684 [Server thread] ERROR GottschCore | LootTableMaster2.java:252 | is file system (config) loot table current -> true
2021-08-08 19:21:36,685 [Server thread] ERROR GottschCore | LootTableMaster2.java:252 | is file system (config) loot table current -> true
2021-08-08 19:21:36,688 [Server thread] ERROR GottschCore | LootTableMaster2.java:252 | is file system (config) loot table current -> true
2021-08-08 19:21:36,689 [Server thread] ERROR GottschCore | LootTableMaster2.java:252 | is file system (config) loot table current -> true
2021-08-08 19:21:36,689 [Server thread] ERROR GottschCore | LootTableMaster2.java:252 | is file system (config) loot table current -> true
2021-08-08 19:21:36,690 [Server thread] ERROR GottschCore | LootTableMaster2.java:252 | is file system (config) loot table current -> true
2021-08-08 19:21:36,690 [Server thread] ERROR GottschCore | LootTableMaster2.java:252 | is file system (config) loot table current -> true
2021-08-08 19:21:36,694 [Server thread] ERROR GottschCore | LootTableMaster2.java:252 | is file system (config) loot table current -> true
2021-08-08 19:21:36,694 [Server thread] ERROR GottschCore | LootTableMaster2.java:252 | is file system (config) loot table current -> true
2021-08-08 19:21:36,695 [Server thread] ERROR GottschCore | LootTableMaster2.java:252 | is file system (config) loot table current -> true
2021-08-08 19:21:36,696 [Server thread] ERROR GottschCore | LootTableMaster2.java:252 | is file system (config) loot table current -> true
2021-08-08 19:21:36,696 [Server thread] ERROR GottschCore | LootTableMaster2.java:252 | is file system (config) loot table current -> true
2021-08-08 19:21:36,699 [Server thread] ERROR GottschCore | LootTableMaster2.java:252 | is file system (config) loot table current -> true
2021-08-08 19:21:36,699 [Server thread] ERROR GottschCore | LootTableMaster2.java:252 | is file system (config) loot table current -> true
2021-08-08 19:21:36,699 [Server thread] ERROR GottschCore | LootTableMaster2.java:252 | is file system (config) loot table current -> true
2021-08-08 19:21:36,700 [Server thread] ERROR GottschCore | LootTableMaster2.java:252 | is file system (config) loot table current -> true
2021-08-08 19:21:36,700 [Server thread] ERROR GottschCore | LootTableMaster2.java:252 | is file system (config) loot table current -> true
2021-08-08 19:21:36,703 [Server thread] ERROR GottschCore | LootTableMaster2.java:252 | is file system (config) loot table current -> true
2021-08-08 19:21:36,704 [Server thread] ERROR GottschCore | LootTableMaster2.java:432 | Unable to locate resource /loot_tables/treasure2/inject/uncommon/
2021-08-08 19:21:36,705 [Server thread] ERROR GottschCore | LootTableMaster2.java:432 | Unable to locate resource /loot_tables/treasure2/inject/scarce/
2021-08-08 19:21:36,705 [Server thread] ERROR GottschCore | LootTableMaster2.java:432 | Unable to locate resource /loot_tables/treasure2/inject/rare/
2021-08-08 19:21:36,706 [Server thread] ERROR GottschCore | LootTableMaster2.java:432 | Unable to locate resource /loot_tables/treasure2/inject/epic/
2021-08-08 19:36:46,881 [Server thread] INFO Treasure2 | SurfaceChestWorldGenerator.java:376 | CHEATER! COMMON chest at coords: -56 76 280
2021-08-08 19:36:52,595 [Server thread] INFO Treasure2 | SurfaceChestWorldGenerator.java:376 | CHEATER! UNCOMMON chest at coords: -136 71 200
2021-08-08 19:36:53,834 [Server thread] INFO Treasure2 | SurfaceChestWorldGenerator.java:376 | CHEATER! COMMON chest at coords: -104 63 72
2021-08-08 19:36:56,091 [Server thread] INFO Treasure2 | SurfaceChestWorldGenerator.java:376 | CHEATER! COMMON chest at coords: -24 65 120
2021-08-08 19:36:57,240 [Server thread] INFO Treasure2 | SurfaceChestWorldGenerator.java:376 | CHEATER! UNCOMMON chest at coords: 40 65 200
2021-08-08 19:36:59,425 [Server thread] INFO Treasure2 | SurfaceChestWorldGenerator.java:376 | CHEATER! COMMON chest at coords: 104 64 120
2021-08-08 19:37:09,917 [Server thread] INFO Treasure2 | SurfaceChestWorldGenerator.java:376 | CHEATER! COMMON chest at coords: -104 74 344
2021-08-08 19:37:55,653 [Server thread] INFO Treasure2 | SurfaceChestWorldGenerator.java:376 | CHEATER! COMMON chest at coords: -184 71 280
2021-08-08 19:38:13,064 [Server thread] INFO Treasure2 | SurfaceChestWorldGenerator.java:376 | CHEATER! UNCOMMON chest at coords: 56 65 360
2021-08-08 19:38:28,023 [Server thread] INFO Treasure2 | WellGenerator.java:122 | CHEATER! Wishing Well at coords: -106 70 376
2021-08-08 19:38:29,217 [Server thread] INFO Treasure2 | SurfaceChestWorldGenerator.java:376 | CHEATER! SCARCE chest at coords: -200 68 376
2021-08-08 19:38:43,051 [Server thread] INFO Treasure2 | SurfaceChestWorldGenerator.java:376 | CHEATER! COMMON chest at coords: -136 67 424
2021-08-08 19:38:58,062 [Server thread] INFO Treasure2 | SurfaceChestWorldGenerator.java:376 | CHEATER! UNCOMMON chest at coords: -56 67 440
2021-08-08 19:39:00,031 [Server thread] INFO Treasure2 | SurfaceChestWorldGenerator.java:376 | CHEATER! COMMON chest at coords: 136 68 376
2021-08-08 19:39:27,613 [Server thread] INFO Treasure2 | SurfaceChestWorldGenerator.java:376 | CHEATER! UNCOMMON chest at coords: -248 68 440
2021-08-08 19:39:45,456 [Server thread] INFO Treasure2 | SurfaceChestWorldGenerator.java:376 | CHEATER! COMMON chest at coords: -184 67 56
2021-08-08 19:39:59,120 [Server thread] INFO Treasure2 | SurfaceChestWorldGenerator.java:376 | CHEATER! COMMON chest at coords: 168 67 248
2021-08-08 19:40:00,375 [Server thread] INFO Treasure2 | SurfaceChestWorldGenerator.java:376 | CHEATER! UNCOMMON chest at coords: 40 67 40
2021-08-08 19:40:02,405 [Server thread] INFO Treasure2 | SurfaceChestWorldGenerator.java:376 | CHEATER! COMMON chest at coords: -264 67 88
2021-08-08 19:40:45,470 [Server thread] INFO Treasure2 | WellGenerator.java:122 | CHEATER! Wishing Well at coords: -298 68 214
2021-08-08 19:40:46,569 [Server thread] INFO Treasure2 | SurfaceChestWorldGenerator.java:376 | CHEATER! UNCOMMON chest at coords: -280 70 312
2021-08-08 19:40:53,976 [Server thread] INFO Treasure2 | SurfaceChestWorldGenerator.java:376 | CHEATER! SCARCE chest at coords: 24 63 488
2021-08-08 19:40:56,992 [Server thread] INFO Treasure2 | SurfaceChestWorldGenerator.java:376 | CHEATER! UNCOMMON chest at coords: 152 68 24
2021-08-08 19:42:15,814 [Server thread] INFO Treasure2 | SurfaceChestWorldGenerator.java:376 | CHEATER! RARE chest at coords: -40 65 -56
2021-08-08 19:42:17,410 [Server thread] INFO Treasure2 | SurfaceChestWorldGenerator.java:376 | CHEATER! COMMON chest at coords: -104 71 -184
2021-08-08 19:42:18,514 [Server thread] INFO Treasure2 | SurfaceChestWorldGenerator.java:376 | CHEATER! UNCOMMON chest at coords: -136 64 -104
2021-08-08 19:42:20,013 [Server thread] INFO Treasure2 | SurfaceChestWorldGenerator.java:376 | CHEATER! SCARCE chest at coords: -232 70 -104
2021-08-08 19:42:27,381 [Server thread] INFO Treasure2 | WellGenerator.java:122 | CHEATER! Wishing Well at coords: 152 71 502
2021-08-08 19:42:27,405 [Server thread] INFO Treasure2 | SurfaceChestWorldGenerator.java:376 | CHEATER! COMMON chest at coords: -264 64 8
2021-08-08 19:43:09,605 [Server thread] INFO Treasure2 | SurfaceChestWorldGenerator.java:376 | CHEATER! UNCOMMON chest at coords: -88 67 520
2021-08-08 19:43:11,461 [Server thread] INFO Treasure2 | SurfaceChestWorldGenerator.java:376 | CHEATER! COMMON chest at coords: 216 66 88
2021-08-08 19:43:13,641 [Server thread] INFO Treasure2 | SurfaceChestWorldGenerator.java:376 | CHEATER! RARE chest at coords: -280 75 520
2021-08-08 19:43:41,096 [Server thread] INFO Treasure2 | SurfaceChestWorldGenerator.java:376 | CHEATER! UNCOMMON chest at coords: 232 65 168
2021-08-08 19:43:44,042 [Server thread] INFO Treasure2 | SurfaceChestWorldGenerator.java:376 | CHEATER! COMMON chest at coords: -200 66 536
2021-08-08 19:43:45,840 [Server thread] INFO Treasure2 | SurfaceChestWorldGenerator.java:376 | CHEATER! UNCOMMON chest at coords: 104 67 552
2021-08-08 19:43:47,557 [Server thread] INFO Treasure2 | SurfaceChestWorldGenerator.java:376 | CHEATER! COMMON chest at coords: 200 76 536
2021-08-08 19:43:50,643 [Server thread] INFO Treasure2 | SurfaceChestWorldGenerator.java:376 | CHEATER! SCARCE chest at coords: -360 77 376
2021-08-08 19:43:52,723 [Server thread] INFO Treasure2 | SurfaceChestWorldGenerator.java:376 | CHEATER! UNCOMMON chest at coords: -24 66 568
2021-08-08 19:43:53,901 [Server thread] INFO Treasure2 | WellGenerator.java:122 | CHEATER! Wishing Well at coords: 182 71 568
2021-08-08 19:43:56,009 [Server thread] INFO Treasure2 | SurfaceChestWorldGenerator.java:376 | CHEATER! EPIC chest at coords: -392 65 248
2021-08-08 19:44:02,565 [Server thread] INFO Treasure2 | SurfaceChestWorldGenerator.java:376 | CHEATER! SCARCE chest at coords: -280 67 600
2021-08-08 19:54:35,268 [Server thread] INFO Treasure2 | SurfaceChestWorldGenerator.java:376 | CHEATER! UNCOMMON chest at coords: 264 83 280
2021-08-08 19:54:41,475 [Server thread] INFO Treasure2 | SurfaceChestWorldGenerator.java:376 | CHEATER! RARE chest at coords: 296 66 40
2021-08-08 19:54:45,417 [Server thread] INFO Treasure2 | SurfaceChestWorldGenerator.java:376 | CHEATER! SCARCE chest at coords: 312 76 200
2021-08-08 19:58:47,126 [Server thread] INFO Treasure2 | SurfaceChestWorldGenerator.java:376 | CHEATER! UNCOMMON chest at coords: 248 69 -24
2021-08-08 20:00:58,855 [Server thread] INFO Treasure2 | WellGenerator.java:122 | CHEATER! Wishing Well at coords: 328 67 72
2021-08-08 20:00:59,077 [Server thread] INFO Treasure2 | SurfaceChestWorldGenerator.java:376 | CHEATER! SCARCE chest at coords: 328 67 392
2021-08-08 20:03:59,169 [Server thread] INFO Treasure2 | SurfaceChestWorldGenerator.java:376 | CHEATER! EPIC chest at coords: 344 67 120
2021-08-08 20:04:01,250 [Server thread] INFO Treasure2 | SurfaceChestWorldGenerator.java:376 | CHEATER! COMMON chest at coords: 248 91 -168
2021-08-08 20:04:04,075 [Server thread] INFO Treasure2 | SurfaceChestWorldGenerator.java:376 | CHEATER! COMMON chest at coords: 168 66 -152
2021-08-08 20:04:26,329 [Server thread] INFO Treasure2 | SurfaceChestWorldGenerator.java:376 | CHEATER! SCARCE chest at coords: 360 66 -24
2021-08-08 20:06:51,478 [Server thread] INFO Treasure2 | SurfaceChestWorldGenerator.java:376 | CHEATER! COMMON chest at coords: -184 76 -168
2021-08-08 20:46:58,901 [Server thread] INFO Treasure2 | SurfaceChestWorldGenerator.java:376 | CHEATER! UNCOMMON chest at coords: -328 64 -72
2021-08-08 21:47:28,582 [Server thread] INFO Treasure2 | SurfaceChestWorldGenerator.java:376 | CHEATER! COMMON chest at coords: 328 63 536
2021-08-08 21:49:06,527 [Server thread] INFO Treasure2 | SurfaceChestWorldGenerator.java:376 | CHEATER! UNCOMMON chest at coords: 392 68 280
2021-08-08 21:49:07,339 [Server thread] INFO Treasure2 | WellGenerator.java:122 | CHEATER! Wishing Well at coords: 390 73 136
2021-08-08 21:49:54,827 [Server thread] INFO Treasure2 | SurfaceChestWorldGenerator.java:376 | CHEATER! COMMON chest at coords: 424 72 72
2021-08-08 21:52:35,439 [Server thread] INFO Treasure2 | SurfaceChestWorldGenerator.java:376 | CHEATER! COMMON chest at coords: 424 68 520
2021-08-08 22:41:45,228 [Server thread] INFO Treasure2 | SurfaceChestWorldGenerator.java:376 | CHEATER! COMMON chest at coords: -408 63 -24
